<?xml version="1.0" encoding="UTF-8"?>
<!-- Generated by org.testng.reporters.JUnitReportReporter -->
<testsuite hostname="SSPL-LPTP-306" failures="0" tests="1" name="serosoft.tagDemo" time="0.008" errors="0" timestamp="2025-05-16T11:12:21 IST" skipped="0">
  <testcase classname="serosoft.tagDemo" name="Test2" time="0.008"/>
  <system-out/>
</testsuite> <!-- serosoft.tagDemo -->
