<?xml version="1.0" encoding="UTF-8"?>
<!-- Generated by org.testng.reporters.JUnitReportReporter -->
<testsuite hostname="SSPL-LPTP-306" failures="0" tests="1" name="serosoft.groupDemo" time="0.009" errors="0" timestamp="2025-05-14T10:57:49 IST" skipped="0">
  <testcase classname="serosoft.groupDemo" name="Test3" time="0.009"/>
  <system-out/>
</testsuite> <!-- serosoft.groupDemo -->
