<?xml version="1.0" encoding="UTF-8"?>
<!-- Generated by org.testng.reporters.JUnitReportReporter -->
<testsuite hostname="SSPL-LPTP-306" failures="0" tests="1" name="serosoft.TC_01_Validating_AddToCart" time="6.100" errors="0" timestamp="2025-05-08T10:50:33 IST" skipped="0">
  <testcase classname="serosoft.TC_01_Validating_AddToCart" name="validatingAddToCart" time="6.100"/>
  <system-out/>
</testsuite> <!-- serosoft.TC_01_Validating_AddToCart -->
