<?xml version="1.0" encoding="UTF-8"?>
<!-- Generated by org.testng.reporters.JUnitReportReporter -->
<testsuite hostname="SSPL-LPTP-306" failures="0" tests="2" name="serosoft.listnersDemo" time="0.011" errors="0" timestamp="2025-05-19T11:18:16 IST" skipped="0">
  <testcase classname="serosoft.listnersDemo" name="Test1" time="0.009"/>
  <system-out/>
  <testcase classname="serosoft.listnersDemo" name="Test2" time="0.002"/>
  <system-out/>
</testsuite> <!-- serosoft.listnersDemo -->
