<?xml version="1.0" encoding="UTF-8"?>
<!-- Generated by org.testng.reporters.JUnitReportReporter -->
<testsuite hostname="SSPL-LPTP-306" failures="0" tests="1" name="serosoft.parametriztionTest" time="0.008" errors="0" timestamp="2025-05-16T10:45:51 IST" skipped="0">
  <testcase classname="serosoft.parametriztionTest" name="Fillform" time="0.008"/>
  <system-out/>
</testsuite> <!-- serosoft.parametriztionTest -->
