<?xml version="1.0" encoding="UTF-8"?>
<!-- Generated by org.testng.reporters.JUnitReportReporter -->
<testsuite hostname="SSPL-LPTP-306" failures="0" tests="4" name="serosoft.Annotation" time="0.011" errors="0" timestamp="2025-05-08T11:00:22 IST" skipped="1">
  <testcase classname="serosoft.Annotation" name="TestLogin" time="0.007"/>
  <system-out/>
  <testcase classname="serosoft.Annotation" name="Test1" time="0.001"/>
  <system-out/>
  <testcase classname="serosoft.Annotation" name="Test3" time="0.003"/>
  <system-out/>
  <testcase classname="serosoft.Annotation" name="Test2">
    <skipped/>
  </testcase> <!-- Test2 -->
  <system-out/>
</testsuite> <!-- serosoft.Annotation -->
