<?xml version="1.0" encoding="UTF-8"?>
<!-- Generated by org.testng.reporters.JUnitReportReporter -->
<testsuite hostname="SSPL-LPTP-306" failures="0" tests="3" name="serosoft.DependencyDemo" time="0.010" errors="0" timestamp="2025-05-09T11:00:55 IST" skipped="0">
  <testcase classname="serosoft.DependencyDemo" name="cancelShipment" time="0.000"/>
  <system-out/>
  <testcase classname="serosoft.DependencyDemo" name="CreateShipment" time="0.009"/>
  <system-out/>
  <testcase classname="serosoft.DependencyDemo" name="trackShipment" time="0.001"/>
  <system-out/>
</testsuite> <!-- serosoft.DependencyDemo -->
